<!DOCTYPE html PUBLIC "-//W3C//DTD XHTML 1.1//EN" "http://www.w3.org/TR/xhtml11/DTD/xhtml11.dtd">
<html xmlns="http://www.w3.org/1999/xhtml"><head><title>TestNG Report</title><style type="text/css">table {margin-bottom:10px;border-collapse:collapse;empty-cells:show}th,td {border:1px solid #009;padding:.25em .5em}th {vertical-align:bottom}td {vertical-align:top}table a {font-weight:bold}.stripe td {background-color: #E6EBF9}.num {text-align:right}.passedodd td {background-color: #3F3}.passedeven td {background-color: #0A0}.skippedodd td {background-color: #DDD}.skippedeven td {background-color: #CCC}.failedodd td,.attn {background-color: #F33}.failedeven td,.stripe .attn {background-color: #D00}.stacktrace {white-space:pre;font-family:monospace}.totop {font-size:85%;text-align:center;border-bottom:2px solid #000}</style></head><body><table><tr><th>Test</th><th># Passed</th><th># Skipped</th><th># Failed</th><th>Time (ms)</th><th>Included Groups</th><th>Excluded Groups</th></tr><tr><th colspan="7">Default suite</th></tr><tr><td><a href="#t0">Default test</a></td><td class="num">0</td><td class="num attn">2</td><td class="num">0</td><td class="num">14,632</td><td></td><td></td></tr></table><table id='summary'><thead><tr><th>Class</th><th>Method</th><th>Start</th><th>Time (ms)</th></tr></thead><tbody><tr><th colspan="4">Default suite</th></tr></tbody><tbody id="t0"><tr><th colspan="4">Default test &#8212; failed (configuration methods)</th></tr><tr class="failedeven"><td rowspan="1">test.ng.Facebook</td><td><a href="#m0">berforeClass</a></td><td rowspan="1">1646889579107</td><td rowspan="1">14600</td></tr><tr><th colspan="4">Default test &#8212; skipped (configuration methods)</th></tr><tr class="skippedeven"><td rowspan="3">test.ng.Facebook</td><td><a href="#m1">afterClass</a></td><td rowspan="1">1646889593731</td><td rowspan="1">0</td></tr><tr class="skippedeven"><td><a href="#m2">before</a></td><td rowspan="2">1646889593723</td><td rowspan="2">0</td></tr><tr class="skippedeven"><td><a href="#m3">before</a></td></tr><tr><th colspan="4">Default test &#8212; skipped</th></tr><tr class="skippedeven"><td rowspan="2">test.ng.Facebook</td><td><a href="#m4">test1</a></td><td rowspan="1">1646889593723</td><td rowspan="1">0</td></tr><tr class="skippedeven"><td><a href="#m5">test2</a></td><td rowspan="1">1646889593731</td><td rowspan="1">0</td></tr></tbody></table><h2>Default test</h2><h3 id="m0">test.ng.Facebook#berforeClass</h3><table class="result"><tr><th>Exception</th></tr><tr><td><div class="stacktrace">io.github.bonigarcia.wdm.config.WebDriverManagerException: java.io.FileNotFoundException: C:\Users\Admin\.cache\selenium\chromedriver\win32\99.0.4844.51\chromedriver.exe (Access is denied)
	at io.github.bonigarcia.wdm.WebDriverManager.handleException(WebDriverManager.java:809)
	at io.github.bonigarcia.wdm.WebDriverManager.manage(WebDriverManager.java:599)
	at io.github.bonigarcia.wdm.WebDriverManager.fallback(WebDriverManager.java:825)
	at io.github.bonigarcia.wdm.WebDriverManager.handleException(WebDriverManager.java:806)
	at io.github.bonigarcia.wdm.WebDriverManager.manage(WebDriverManager.java:599)
	at io.github.bonigarcia.wdm.WebDriverManager.handleException(WebDriverManager.java:799)
	at io.github.bonigarcia.wdm.WebDriverManager.manage(WebDriverManager.java:599)
	at io.github.bonigarcia.wdm.WebDriverManager.setup(WebDriverManager.java:287)
	at org.test.BaseClass.browserLaunch(BaseClass.java:41)
	at test.ng.Facebook.berforeClass(Facebook.java:24)
	at sun.reflect.NativeMethodAccessorImpl.invoke0(Native Method)
	at sun.reflect.NativeMethodAccessorImpl.invoke(Unknown Source)
	at sun.reflect.DelegatingMethodAccessorImpl.invoke(Unknown Source)
	at java.lang.reflect.Method.invoke(Unknown Source)
	at org.testng.internal.MethodInvocationHelper.invokeMethod(MethodInvocationHelper.java:108)
	at org.testng.internal.Invoker.invokeConfigurationMethod(Invoker.java:523)
	at org.testng.internal.Invoker.invokeConfigurations(Invoker.java:224)
	at org.testng.internal.Invoker.invokeConfigurations(Invoker.java:146)
	at org.testng.internal.TestMethodWorker.invokeBeforeClassMethods(TestMethodWorker.java:166)
	at org.testng.internal.TestMethodWorker.run(TestMethodWorker.java:105)
	at org.testng.TestRunner.privateRun(TestRunner.java:744)
	at org.testng.TestRunner.run(TestRunner.java:602)
	at org.testng.SuiteRunner.runTest(SuiteRunner.java:380)
	at org.testng.SuiteRunner.runSequentially(SuiteRunner.java:375)
	at org.testng.SuiteRunner.privateRun(SuiteRunner.java:340)
	at org.testng.SuiteRunner.run(SuiteRunner.java:289)
	at org.testng.SuiteRunnerWorker.runSuite(SuiteRunnerWorker.java:52)
	at org.testng.SuiteRunnerWorker.run(SuiteRunnerWorker.java:86)
	at org.testng.TestNG.runSuitesSequentially(TestNG.java:1301)
	at org.testng.TestNG.runSuitesLocally(TestNG.java:1226)
	at org.testng.TestNG.runSuites(TestNG.java:1144)
	at org.testng.TestNG.run(TestNG.java:1115)
	at org.testng.remote.AbstractRemoteTestNG.run(AbstractRemoteTestNG.java:132)
	at org.testng.remote.RemoteTestNG.initAndRun(RemoteTestNG.java:236)
	at org.testng.remote.RemoteTestNG.main(RemoteTestNG.java:81)
Caused by: java.io.FileNotFoundException: C:\Users\Admin\.cache\selenium\chromedriver\win32\99.0.4844.51\chromedriver.exe (Access is denied)
	at java.io.FileOutputStream.open0(Native Method)
	at java.io.FileOutputStream.open(Unknown Source)
	at java.io.FileOutputStream.&lt;init&gt;(Unknown Source)
	at java.io.FileOutputStream.&lt;init&gt;(Unknown Source)
	at org.apache.commons.io.FileUtils.doCopyFile(FileUtils.java:1139)
	at org.apache.commons.io.FileUtils.copyFile(FileUtils.java:1091)
	at org.apache.commons.io.FileUtils.copyFile(FileUtils.java:1038)
	at org.apache.commons.io.FileUtils.moveFile(FileUtils.java:2832)
	at org.apache.commons.io.FileUtils.moveFileToDirectory(FileUtils.java:2871)
	at io.github.bonigarcia.wdm.online.Downloader.downloadAndExtract(Downloader.java:149)
	at io.github.bonigarcia.wdm.online.Downloader.download(Downloader.java:91)
	at io.github.bonigarcia.wdm.WebDriverManager.download(WebDriverManager.java:680)
	at io.github.bonigarcia.wdm.WebDriverManager.manage(WebDriverManager.java:593)
	... 33 more
</div></td></tr></table><p class="totop"><a href="#summary">back to summary</a></p><h3 id="m1">test.ng.Facebook#afterClass</h3><table class="result"></table><p class="totop"><a href="#summary">back to summary</a></p><h3 id="m2">test.ng.Facebook#before</h3><table class="result"></table><p class="totop"><a href="#summary">back to summary</a></p><h3 id="m3">test.ng.Facebook#before</h3><table class="result"></table><p class="totop"><a href="#summary">back to summary</a></p><h3 id="m4">test.ng.Facebook#test1</h3><table class="result"><tr><th>Exception</th></tr><tr><td><div class="stacktrace">io.github.bonigarcia.wdm.config.WebDriverManagerException: java.io.FileNotFoundException: C:\Users\Admin\.cache\selenium\chromedriver\win32\99.0.4844.51\chromedriver.exe (Access is denied)
	at io.github.bonigarcia.wdm.WebDriverManager.handleException(WebDriverManager.java:809)
	at io.github.bonigarcia.wdm.WebDriverManager.manage(WebDriverManager.java:599)
	at io.github.bonigarcia.wdm.WebDriverManager.fallback(WebDriverManager.java:825)
	at io.github.bonigarcia.wdm.WebDriverManager.handleException(WebDriverManager.java:806)
	at io.github.bonigarcia.wdm.WebDriverManager.manage(WebDriverManager.java:599)
	at io.github.bonigarcia.wdm.WebDriverManager.handleException(WebDriverManager.java:799)
	at io.github.bonigarcia.wdm.WebDriverManager.manage(WebDriverManager.java:599)
	at io.github.bonigarcia.wdm.WebDriverManager.setup(WebDriverManager.java:287)
	at org.test.BaseClass.browserLaunch(BaseClass.java:41)
	at test.ng.Facebook.berforeClass(Facebook.java:24)
	at sun.reflect.NativeMethodAccessorImpl.invoke0(Native Method)
	at sun.reflect.NativeMethodAccessorImpl.invoke(Unknown Source)
	at sun.reflect.DelegatingMethodAccessorImpl.invoke(Unknown Source)
	at java.lang.reflect.Method.invoke(Unknown Source)
	at org.testng.internal.MethodInvocationHelper.invokeMethod(MethodInvocationHelper.java:108)
	at org.testng.internal.Invoker.invokeConfigurationMethod(Invoker.java:523)
	at org.testng.internal.Invoker.invokeConfigurations(Invoker.java:224)
	at org.testng.internal.Invoker.invokeConfigurations(Invoker.java:146)
	at org.testng.internal.TestMethodWorker.invokeBeforeClassMethods(TestMethodWorker.java:166)
	at org.testng.internal.TestMethodWorker.run(TestMethodWorker.java:105)
	at org.testng.TestRunner.privateRun(TestRunner.java:744)
	at org.testng.TestRunner.run(TestRunner.java:602)
	at org.testng.SuiteRunner.runTest(SuiteRunner.java:380)
	at org.testng.SuiteRunner.runSequentially(SuiteRunner.java:375)
	at org.testng.SuiteRunner.privateRun(SuiteRunner.java:340)
	at org.testng.SuiteRunner.run(SuiteRunner.java:289)
	at org.testng.SuiteRunnerWorker.runSuite(SuiteRunnerWorker.java:52)
	at org.testng.SuiteRunnerWorker.run(SuiteRunnerWorker.java:86)
	at org.testng.TestNG.runSuitesSequentially(TestNG.java:1301)
	at org.testng.TestNG.runSuitesLocally(TestNG.java:1226)
	at org.testng.TestNG.runSuites(TestNG.java:1144)
	at org.testng.TestNG.run(TestNG.java:1115)
	at org.testng.remote.AbstractRemoteTestNG.run(AbstractRemoteTestNG.java:132)
	at org.testng.remote.RemoteTestNG.initAndRun(RemoteTestNG.java:236)
	at org.testng.remote.RemoteTestNG.main(RemoteTestNG.java:81)
Caused by: java.io.FileNotFoundException: C:\Users\Admin\.cache\selenium\chromedriver\win32\99.0.4844.51\chromedriver.exe (Access is denied)
	at java.io.FileOutputStream.open0(Native Method)
	at java.io.FileOutputStream.open(Unknown Source)
	at java.io.FileOutputStream.&lt;init&gt;(Unknown Source)
	at java.io.FileOutputStream.&lt;init&gt;(Unknown Source)
	at org.apache.commons.io.FileUtils.doCopyFile(FileUtils.java:1139)
	at org.apache.commons.io.FileUtils.copyFile(FileUtils.java:1091)
	at org.apache.commons.io.FileUtils.copyFile(FileUtils.java:1038)
	at org.apache.commons.io.FileUtils.moveFile(FileUtils.java:2832)
	at org.apache.commons.io.FileUtils.moveFileToDirectory(FileUtils.java:2871)
	at io.github.bonigarcia.wdm.online.Downloader.downloadAndExtract(Downloader.java:149)
	at io.github.bonigarcia.wdm.online.Downloader.download(Downloader.java:91)
	at io.github.bonigarcia.wdm.WebDriverManager.download(WebDriverManager.java:680)
	at io.github.bonigarcia.wdm.WebDriverManager.manage(WebDriverManager.java:593)
	... 33 more
</div></td></tr></table><p class="totop"><a href="#summary">back to summary</a></p><h3 id="m5">test.ng.Facebook#test2</h3><table class="result"><tr><th>Exception</th></tr><tr><td><div class="stacktrace">io.github.bonigarcia.wdm.config.WebDriverManagerException: java.io.FileNotFoundException: C:\Users\Admin\.cache\selenium\chromedriver\win32\99.0.4844.51\chromedriver.exe (Access is denied)
	at io.github.bonigarcia.wdm.WebDriverManager.handleException(WebDriverManager.java:809)
	at io.github.bonigarcia.wdm.WebDriverManager.manage(WebDriverManager.java:599)
	at io.github.bonigarcia.wdm.WebDriverManager.fallback(WebDriverManager.java:825)
	at io.github.bonigarcia.wdm.WebDriverManager.handleException(WebDriverManager.java:806)
	at io.github.bonigarcia.wdm.WebDriverManager.manage(WebDriverManager.java:599)
	at io.github.bonigarcia.wdm.WebDriverManager.handleException(WebDriverManager.java:799)
	at io.github.bonigarcia.wdm.WebDriverManager.manage(WebDriverManager.java:599)
	at io.github.bonigarcia.wdm.WebDriverManager.setup(WebDriverManager.java:287)
	at org.test.BaseClass.browserLaunch(BaseClass.java:41)
	at test.ng.Facebook.berforeClass(Facebook.java:24)
	at sun.reflect.NativeMethodAccessorImpl.invoke0(Native Method)
	at sun.reflect.NativeMethodAccessorImpl.invoke(Unknown Source)
	at sun.reflect.DelegatingMethodAccessorImpl.invoke(Unknown Source)
	at java.lang.reflect.Method.invoke(Unknown Source)
	at org.testng.internal.MethodInvocationHelper.invokeMethod(MethodInvocationHelper.java:108)
	at org.testng.internal.Invoker.invokeConfigurationMethod(Invoker.java:523)
	at org.testng.internal.Invoker.invokeConfigurations(Invoker.java:224)
	at org.testng.internal.Invoker.invokeConfigurations(Invoker.java:146)
	at org.testng.internal.TestMethodWorker.invokeBeforeClassMethods(TestMethodWorker.java:166)
	at org.testng.internal.TestMethodWorker.run(TestMethodWorker.java:105)
	at org.testng.TestRunner.privateRun(TestRunner.java:744)
	at org.testng.TestRunner.run(TestRunner.java:602)
	at org.testng.SuiteRunner.runTest(SuiteRunner.java:380)
	at org.testng.SuiteRunner.runSequentially(SuiteRunner.java:375)
	at org.testng.SuiteRunner.privateRun(SuiteRunner.java:340)
	at org.testng.SuiteRunner.run(SuiteRunner.java:289)
	at org.testng.SuiteRunnerWorker.runSuite(SuiteRunnerWorker.java:52)
	at org.testng.SuiteRunnerWorker.run(SuiteRunnerWorker.java:86)
	at org.testng.TestNG.runSuitesSequentially(TestNG.java:1301)
	at org.testng.TestNG.runSuitesLocally(TestNG.java:1226)
	at org.testng.TestNG.runSuites(TestNG.java:1144)
	at org.testng.TestNG.run(TestNG.java:1115)
	at org.testng.remote.AbstractRemoteTestNG.run(AbstractRemoteTestNG.java:132)
	at org.testng.remote.RemoteTestNG.initAndRun(RemoteTestNG.java:236)
	at org.testng.remote.RemoteTestNG.main(RemoteTestNG.java:81)
Caused by: java.io.FileNotFoundException: C:\Users\Admin\.cache\selenium\chromedriver\win32\99.0.4844.51\chromedriver.exe (Access is denied)
	at java.io.FileOutputStream.open0(Native Method)
	at java.io.FileOutputStream.open(Unknown Source)
	at java.io.FileOutputStream.&lt;init&gt;(Unknown Source)
	at java.io.FileOutputStream.&lt;init&gt;(Unknown Source)
	at org.apache.commons.io.FileUtils.doCopyFile(FileUtils.java:1139)
	at org.apache.commons.io.FileUtils.copyFile(FileUtils.java:1091)
	at org.apache.commons.io.FileUtils.copyFile(FileUtils.java:1038)
	at org.apache.commons.io.FileUtils.moveFile(FileUtils.java:2832)
	at org.apache.commons.io.FileUtils.moveFileToDirectory(FileUtils.java:2871)
	at io.github.bonigarcia.wdm.online.Downloader.downloadAndExtract(Downloader.java:149)
	at io.github.bonigarcia.wdm.online.Downloader.download(Downloader.java:91)
	at io.github.bonigarcia.wdm.WebDriverManager.download(WebDriverManager.java:680)
	at io.github.bonigarcia.wdm.WebDriverManager.manage(WebDriverManager.java:593)
	... 33 more
</div></td></tr></table><p class="totop"><a href="#summary">back to summary</a></p></body></html>