<?xml version="1.0" encoding="UTF-8"?>
<!-- Generated by org.testng.reporters.JUnitReportReporter -->
<testsuite skipped="2" hostname="WIN10DESKTOP" name="test.ng.Facebook" tests="3" failures="0" timestamp="10 Mar 2022 05:19:54 GMT" time="14.600" errors="1">
  <testcase name="berforeClass" time="14.600" classname="test.ng.Facebook">
    <error type="io.github.bonigarcia.wdm.config.WebDriverManagerException" message="java.io.FileNotFoundException: C:\Users\Admin\.cache\selenium\chromedriver\win32\99.0.4844.51\chromedriver.exe (Access is denied)">
      <![CDATA[io.github.bonigarcia.wdm.config.WebDriverManagerException: java.io.FileNotFoundException: C:\Users\Admin\.cache\selenium\chromedriver\win32\99.0.4844.51\chromedriver.exe (Access is denied)
	at io.github.bonigarcia.wdm.WebDriverManager.handleException(WebDriverManager.java:809)
	at io.github.bonigarcia.wdm.WebDriverManager.manage(WebDriverManager.java:599)
	at io.github.bonigarcia.wdm.WebDriverManager.fallback(WebDriverManager.java:825)
	at io.github.bonigarcia.wdm.WebDriverManager.handleException(WebDriverManager.java:806)
	at io.github.bonigarcia.wdm.WebDriverManager.manage(WebDriverManager.java:599)
	at io.github.bonigarcia.wdm.WebDriverManager.handleException(WebDriverManager.java:799)
	at io.github.bonigarcia.wdm.WebDriverManager.manage(WebDriverManager.java:599)
	at io.github.bonigarcia.wdm.WebDriverManager.setup(WebDriverManager.java:287)
	at org.test.BaseClass.browserLaunch(BaseClass.java:41)
	at test.ng.Facebook.berforeClass(Facebook.java:24)
	at sun.reflect.NativeMethodAccessorImpl.invoke0(Native Method)
	at sun.reflect.NativeMethodAccessorImpl.invoke(Unknown Source)
	at sun.reflect.DelegatingMethodAccessorImpl.invoke(Unknown Source)
	at java.lang.reflect.Method.invoke(Unknown Source)
	at org.testng.internal.MethodInvocationHelper.invokeMethod(MethodInvocationHelper.java:108)
	at org.testng.internal.Invoker.invokeConfigurationMethod(Invoker.java:523)
	at org.testng.internal.Invoker.invokeConfigurations(Invoker.java:224)
	at org.testng.internal.Invoker.invokeConfigurations(Invoker.java:146)
	at org.testng.internal.TestMethodWorker.invokeBeforeClassMethods(TestMethodWorker.java:166)
	at org.testng.internal.TestMethodWorker.run(TestMethodWorker.java:105)
	at org.testng.TestRunner.privateRun(TestRunner.java:744)
	at org.testng.TestRunner.run(TestRunner.java:602)
	at org.testng.SuiteRunner.runTest(SuiteRunner.java:380)
	at org.testng.SuiteRunner.runSequentially(SuiteRunner.java:375)
	at org.testng.SuiteRunner.privateRun(SuiteRunner.java:340)
	at org.testng.SuiteRunner.run(SuiteRunner.java:289)
	at org.testng.SuiteRunnerWorker.runSuite(SuiteRunnerWorker.java:52)
	at org.testng.SuiteRunnerWorker.run(SuiteRunnerWorker.java:86)
	at org.testng.TestNG.runSuitesSequentially(TestNG.java:1301)
	at org.testng.TestNG.runSuitesLocally(TestNG.java:1226)
	at org.testng.TestNG.runSuites(TestNG.java:1144)
	at org.testng.TestNG.run(TestNG.java:1115)
	at org.testng.remote.AbstractRemoteTestNG.run(AbstractRemoteTestNG.java:132)
	at org.testng.remote.RemoteTestNG.initAndRun(RemoteTestNG.java:236)
	at org.testng.remote.RemoteTestNG.main(RemoteTestNG.java:81)
Caused by: java.io.FileNotFoundException: C:\Users\Admin\.cache\selenium\chromedriver\win32\99.0.4844.51\chromedriver.exe (Access is denied)
	at java.io.FileOutputStream.open0(Native Method)
	at java.io.FileOutputStream.open(Unknown Source)
	at java.io.FileOutputStream.<init>(Unknown Source)
	at java.io.FileOutputStream.<init>(Unknown Source)
	at org.apache.commons.io.FileUtils.doCopyFile(FileUtils.java:1139)
	at org.apache.commons.io.FileUtils.copyFile(FileUtils.java:1091)
	at org.apache.commons.io.FileUtils.copyFile(FileUtils.java:1038)
	at org.apache.commons.io.FileUtils.moveFile(FileUtils.java:2832)
	at org.apache.commons.io.FileUtils.moveFileToDirectory(FileUtils.java:2871)
	at io.github.bonigarcia.wdm.online.Downloader.downloadAndExtract(Downloader.java:149)
	at io.github.bonigarcia.wdm.online.Downloader.download(Downloader.java:91)
	at io.github.bonigarcia.wdm.WebDriverManager.download(WebDriverManager.java:680)
	at io.github.bonigarcia.wdm.WebDriverManager.manage(WebDriverManager.java:593)
	... 33 more
]]>
    </error>
  </testcase> <!-- berforeClass -->
  <testcase name="test1" time="0.000" classname="test.ng.Facebook">
    <skipped/>
  </testcase> <!-- test1 -->
  <testcase name="test2" time="0.000" classname="test.ng.Facebook">
    <skipped/>
  </testcase> <!-- test2 -->
</testsuite> <!-- test.ng.Facebook -->
